<?xml version="1.0" encoding="UTF-8"?><testsuite errors="0" failures="1" name="Compra de articulo en la pagina Inkafarma de Peru" skipped="0" tests="1" time="33.15" timestamp="2019-08-11 11:42:59"><testcase name="Compra de articulo en Pagina Web"><failure message="The following error occurred: Expected enabled element was not enabled" type="net.thucydides.core.webdriver.exceptions.ElementShouldBeEnabledException">The following error occurred: Expected enabled element was not enabled</failure><system-err>The following error occurred: Expected enabled element was not enabled&#13;
mx.com.walmart.compra.capacitacion.task.BuscarProducto.performAs(BuscarProducto.java:24)&#13;
mx.com.walmart.compra.capacitacion.stepdefinitions.CompraWalmartStepDefinitions.elQuiereBuscarElYComprarloEnLaPagina(CompraWalmartStepDefinitions.java:45)&#13;
cucumber.runner.Runner.runPickle(Runner.java:80)&#13;
org.eclipse.jdt.internal.junit4.runner.JUnit4TestReference.run(JUnit4TestReference.java:86)&#13;
org.eclipse.jdt.internal.junit.runner.TestExecution.run(TestExecution.java:38)&#13;
org.eclipse.jdt.internal.junit.runner.RemoteTestRunner.runTests(RemoteTestRunner.java:538)&#13;
org.eclipse.jdt.internal.junit.runner.RemoteTestRunner.runTests(RemoteTestRunner.java:760)&#13;
org.eclipse.jdt.internal.junit.runner.RemoteTestRunner.run(RemoteTestRunner.java:460)&#13;
org.eclipse.jdt.internal.junit.runner.RemoteTestRunner.main(RemoteTestRunner.java:206)&#13;
</system-err></testcase></testsuite>