<?xml version="1.0" encoding="UTF-8"?><testsuite errors="1" failures="0" name="Compra de articulo en la pagina Inkafarma de Peru" skipped="0" tests="1" time="52.29" timestamp="2019-08-11 09:36:54"><testcase name="Compra de articulo en Pagina Web"><error message="Arity mismatch: Step Definition 'mx.com.walmart.compra.capacitacion.stepdefinitions.CompraWalmartStepDefinitions.paraMirarElArticuloEnCarritoDeCompras(String) in file:/C:/Users/JONATHAN.MARIN/eclipse-workspace/Walmart/build/classes/java/test/' with pattern [^deberia de ver el articulo en carrito de compras$] is declared with 1 parameters. However, the gherkin step has 0 arguments []. &#10;Step text: deberia de ver el articulo en carrito de compras" type="cucumber.runtime.CucumberException">Arity mismatch: Step Definition 'mx.com.walmart.compra.capacitacion.stepdefinitions.CompraWalmartStepDefinitions.paraMirarElArticuloEnCarritoDeCompras(String) in file:/C:/Users/JONATHAN.MARIN/eclipse-workspace/Walmart/build/classes/java/test/' with pattern [^deberia de ver el articulo en carrito de compras$] is declared with 1 parameters. However, the gherkin step has 0 arguments []. 
Step text: deberia de ver el articulo en carrito de compras</error><system-err>Arity mismatch: Step Definition 'mx.com.walmart.compra.capacitacion.stepdefinitions.CompraWalmartStepDefinitions.paraMirarElArticuloEnCarritoDeCompras(String) in file:/C:/Users/JONATHAN.MARIN/eclipse-workspace/Walmart/build/classes/java/test/' with pattern [^deberia de ver el articulo en carrito de compras$] is declared with 1 parameters. However, the gherkin step has 0 arguments []. 
Step text: deberia de ver el articulo en carrito de compras&#13;
cucumber.runner.Runner.runPickle(Runner.java:80)&#13;
</system-err></testcase></testsuite>